<?xml version="1.0" encoding="UTF-8" ?>
<testsuite errors="0" failures="0" hostname="MSI" name="paystation.domain.PayStationImplTest" skipped="0" tests="15" time="0.186" timestamp="2018-09-28T01:58:31">
  <properties>
[...]
</properties>
  <testcase classname="paystation.domain.PayStationImplTest" name="shouldClearAfterCancel" time="0.002" />
  <testcase classname="paystation.domain.PayStationImplTest" name="buyClearsMap" time="0.001" />
  <testcase classname="paystation.domain.PayStationImplTest" name="callToEmpty" time="0.0" />
  <testcase classname="paystation.domain.PayStationImplTest" name="shouldClearAfterBuy" time="0.001" />
  <testcase classname="paystation.domain.PayStationImplTest" name="shouldReturnReceiptWhenBuy100c" time="0.0" />
  <testcase classname="paystation.domain.PayStationImplTest" name="shouldRejectIllegalCoin" time="0.0" />
  <testcase classname="paystation.domain.PayStationImplTest" name="cancelClearsMap" time="0.0" />
  <testcase classname="paystation.domain.PayStationImplTest" name="shouldDisplay14MinFor10And25Cents" time="0.0" />
  <testcase classname="paystation.domain.PayStationImplTest" name="cancelOneCoin" time="0.0" />
  <testcase classname="paystation.domain.PayStationImplTest" name="emptyResetsToZero" time="0.0" />
  <testcase classname="paystation.domain.PayStationImplTest" name="cancelCallReturnsMapOfMixture" time="0.0" />
  <testcase classname="paystation.domain.PayStationImplTest" name="shouldDisplay2MinFor5Cents" time="0.0" />
  <testcase classname="paystation.domain.PayStationImplTest" name="shouldReturnCorrectReceiptWhenBuy" time="0.0" />
  <testcase classname="paystation.domain.PayStationImplTest" name="shouldDisplay10MinFor25Cents" time="0.001" />
  <testcase classname="paystation.domain.PayStationImplTest" name="cancelCallReturnsOnlyEnteredKey" time="0.0" />
  <system-out><![CDATA[]]></system-out>
  <system-err><![CDATA[]]></system-err>
</testsuite>
